<?xml version="1.0" encoding="UTF-8"?>
<!-- Generated by org.testng.reporters.JUnitReportReporter -->
<testsuite hostname="DESKTOP-1IAKUIC" failures="0" tests="6" name="api.test.DDTTests" time="13.327" errors="0" timestamp="2025-04-18T13:11:00 IST" skipped="0">
  <testcase classname="api.test.DDTTests" name="testPostUser" time="1.533"/>
  <testcase classname="api.test.DDTTests" name="testPostUser" time="2.680"/>
  <testcase classname="api.test.DDTTests" name="testPostUser" time="4.491"/>
  <testcase classname="api.test.DDTTests" name="testDeleteUser" time="1.555"/>
  <testcase classname="api.test.DDTTests" name="testDeleteUser" time="1.534"/>
  <testcase classname="api.test.DDTTests" name="testDeleteUser" time="1.534"/>
</testsuite> <!-- api.test.DDTTests -->
