<?xml version="1.0" encoding="UTF-8"?>
<!-- Generated by org.testng.reporters.JUnitReportReporter -->
<testsuite hostname="DESKTOP-1IAKUIC" failures="0" tests="4" name="api.test.UserTests" time="13.473" errors="0" timestamp="2025-04-18T14:34:15 IST" skipped="0">
  <testcase classname="api.test.UserTests" name="testCreateUser" time="4.608"/>
  <testcase classname="api.test.UserTests" name="testgetUser" time="1.626"/>
  <testcase classname="api.test.UserTests" name="testUpdateUser" time="4.385"/>
  <testcase classname="api.test.UserTests" name="testDeleteUser" time="2.854"/>
</testsuite> <!-- api.test.UserTests -->
