<?xml version="1.0" encoding="UTF-8"?>
<!-- Generated by org.testng.reporters.JUnitReportReporter -->
<testsuite hostname="DESKTOP-1IAKUIC" failures="0" tests="6" name="api.test.DDTTests" time="11.806" errors="0" timestamp="2025-04-19T08:31:49 IST" skipped="0">
  <testcase classname="api.test.DDTTests" name="testPostUser" time="4.581"/>
  <testcase classname="api.test.DDTTests" name="testPostUser" time="1.563"/>
  <testcase classname="api.test.DDTTests" name="testPostUser" time="1.429"/>
  <testcase classname="api.test.DDTTests" name="testDeleteUser" time="1.404"/>
  <testcase classname="api.test.DDTTests" name="testDeleteUser" time="1.472"/>
  <testcase classname="api.test.DDTTests" name="testDeleteUser" time="1.357"/>
</testsuite> <!-- api.test.DDTTests -->
